<?xml version="1.0" encoding="UTF-8"?>
<testng-results skipped="0" failed="1" ignored="0" total="1" passed="0">
  <reporter-output>
  </reporter-output>
  <suite name="Default suite" duration-ms="67645" started-at="2019-11-12T13:21:18Z" finished-at="2019-11-12T13:22:25Z">
    <groups>
    </groups>
    <test name="Default test" duration-ms="67645" started-at="2019-11-12T13:21:18Z" finished-at="2019-11-12T13:22:25Z">
      <class name="com.harmony.qa.tests.UserListPageTest">
        <test-method status="PASS" signature="setup()[pri:0, instance:com.harmony.qa.tests.UserListPageTest@598067a5]" name="setup" is-config="true" duration-ms="41253" started-at="2019-11-12T18:51:18Z" finished-at="2019-11-12T18:51:59Z">
          <reporter-output>
          </reporter-output>
        </test-method> <!-- setup -->
        <test-method status="FAIL" signature="searchUserNameAndClickOnEditUserButton()[pri:0, instance:com.harmony.qa.tests.UserListPageTest@598067a5]" name="searchUserNameAndClickOnEditUserButton" duration-ms="26218" started-at="2019-11-12T18:51:59Z" finished-at="2019-11-12T18:52:25Z">
          <exception class="java.lang.AssertionError">
            <message>
              <![CDATA[expected [https://dev.sharepoint.harmonyis.net/sites/admin/SitePages/ManageUsers.aspx?orgName=agingnetwork.com/ClientTest/Harmony/AD4RC/Groups/HAAD4RCUsers&uName=QARC1] but found [https://dev.sharepoint.harmonyis.net/sites/admin/SitePages/UserList.aspx]]]>
            </message>
            <full-stacktrace>
              <![CDATA[java.lang.AssertionError: expected [https://dev.sharepoint.harmonyis.net/sites/admin/SitePages/ManageUsers.aspx?orgName=agingnetwork.com/ClientTest/Harmony/AD4RC/Groups/HAAD4RCUsers&uName=QARC1] but found [https://dev.sharepoint.harmonyis.net/sites/admin/SitePages/UserList.aspx]
	at org.testng.Assert.fail(Assert.java:93)
	at org.testng.Assert.failNotEquals(Assert.java:512)
	at org.testng.Assert.assertEqualsImpl(Assert.java:134)
	at org.testng.Assert.assertEquals(Assert.java:115)
	at org.testng.Assert.assertEquals(Assert.java:189)
	at org.testng.Assert.assertEquals(Assert.java:199)
	at com.harmony.qa.tests.UserListPageTest.searchUserNameAndClickOnEditUserButton(UserListPageTest.java:106)
	at sun.reflect.NativeMethodAccessorImpl.invoke0(Native Method)
	at sun.reflect.NativeMethodAccessorImpl.invoke(NativeMethodAccessorImpl.java:62)
	at sun.reflect.DelegatingMethodAccessorImpl.invoke(DelegatingMethodAccessorImpl.java:43)
	at java.lang.reflect.Method.invoke(Method.java:498)
	at org.testng.internal.MethodInvocationHelper.invokeMethod(MethodInvocationHelper.java:108)
	at org.testng.internal.Invoker.invokeMethod(Invoker.java:661)
	at org.testng.internal.Invoker.invokeTestMethod(Invoker.java:869)
	at org.testng.internal.Invoker.invokeTestMethods(Invoker.java:1193)
	at org.testng.internal.TestMethodWorker.invokeTestMethods(TestMethodWorker.java:126)
	at org.testng.internal.TestMethodWorker.run(TestMethodWorker.java:109)
	at org.testng.TestRunner.privateRun(TestRunner.java:744)
	at org.testng.TestRunner.run(TestRunner.java:602)
	at org.testng.SuiteRunner.runTest(SuiteRunner.java:380)
	at org.testng.SuiteRunner.runSequentially(SuiteRunner.java:375)
	at org.testng.SuiteRunner.privateRun(SuiteRunner.java:340)
	at org.testng.SuiteRunner.run(SuiteRunner.java:289)
	at org.testng.SuiteRunnerWorker.runSuite(SuiteRunnerWorker.java:52)
	at org.testng.SuiteRunnerWorker.run(SuiteRunnerWorker.java:86)
	at org.testng.TestNG.runSuitesSequentially(TestNG.java:1301)
	at org.testng.TestNG.runSuitesLocally(TestNG.java:1226)
	at org.testng.TestNG.runSuites(TestNG.java:1144)
	at org.testng.TestNG.run(TestNG.java:1115)
	at org.testng.remote.AbstractRemoteTestNG.run(AbstractRemoteTestNG.java:114)
	at org.testng.remote.RemoteTestNG.initAndRun(RemoteTestNG.java:251)
	at org.testng.remote.RemoteTestNG.main(RemoteTestNG.java:77)
]]>
            </full-stacktrace>
          </exception> <!-- java.lang.AssertionError -->
          <reporter-output>
          </reporter-output>
        </test-method> <!-- searchUserNameAndClickOnEditUserButton -->
        <test-method status="PASS" signature="teardown()[pri:0, instance:com.harmony.qa.tests.UserListPageTest@598067a5]" name="teardown" is-config="true" duration-ms="149" started-at="2019-11-12T18:52:25Z" finished-at="2019-11-12T18:52:25Z">
          <reporter-output>
          </reporter-output>
        </test-method> <!-- teardown -->
      </class> <!-- com.harmony.qa.tests.UserListPageTest -->
    </test> <!-- Default test -->
  </suite> <!-- Default suite -->
</testng-results>
